This is pdfTeX, Version 3.14159265-2.6-1.40.16 (TeX Live 2015/Debian) (preloaded format=pdflatex 2017.8.12)  14 AUG 2017 10:26
entering extended mode
 restricted \write18 enabled.
 %&-line parsing enabled.
**Lab1_DataPreprocessing_15BCE1077.tex
(./Lab1_DataPreprocessing_15BCE1077.tex
LaTeX2e <2016/02/01>
Babel <3.9q> and hyphenation patterns for 3 language(s) loaded.
(./IEEEtran.cls
Document Class: IEEEtran 2015/08/26 V1.8b by Michael Shell
-- See the "IEEEtran_HOWTO" manual for usage information.
-- http://www.michaelshell.org/tex/ieeetran/
\@IEEEtrantmpdimenA=\dimen102
\@IEEEtrantmpdimenB=\dimen103
\@IEEEtrantmpdimenC=\dimen104
\@IEEEtrantmpcountA=\count79
\@IEEEtrantmpcountB=\count80
\@IEEEtrantmpcountC=\count81
\@IEEEtrantmptoksA=\toks14
LaTeX Font Info:    Try loading font information for OT1+ptm on input line 503.

(/usr/share/texlive/texmf-dist/tex/latex/psnfss/ot1ptm.fd
File: ot1ptm.fd 2001/06/04 font definitions for OT1/ptm.
)
-- Using IEEE Computer Society mode.
-- Using 8.5in x 11in (letter) paper.
-- Using PDF output.
\@IEEEnormalsizeunitybaselineskip=\dimen105
-- This is a 10 point document.
\CLASSINFOnormalsizebaselineskip=\dimen106
\CLASSINFOnormalsizeunitybaselineskip=\dimen107
\IEEEnormaljot=\dimen108
LaTeX Font Info:    Font shape `OT1/ptm/bx/n' in size <5.01874> not available
(Font)              Font shape `OT1/ptm/b/n' tried instead on input line 1090.
LaTeX Font Info:    Font shape `OT1/ptm/bx/it' in size <5.01874> not available
(Font)              Font shape `OT1/ptm/b/it' tried instead on input line 1090.

LaTeX Font Info:    Font shape `OT1/ptm/bx/n' in size <7.02625> not available
(Font)              Font shape `OT1/ptm/b/n' tried instead on input line 1090.
LaTeX Font Info:    Font shape `OT1/ptm/bx/it' in size <7.02625> not available
(Font)              Font shape `OT1/ptm/b/it' tried instead on input line 1090.

LaTeX Font Info:    Font shape `OT1/ptm/bx/n' in size <8.03> not available
(Font)              Font shape `OT1/ptm/b/n' tried instead on input line 1090.
LaTeX Font Info:    Font shape `OT1/ptm/bx/it' in size <8.03> not available
(Font)              Font shape `OT1/ptm/b/it' tried instead on input line 1090.

LaTeX Font Info:    Font shape `OT1/ptm/bx/n' in size <9.03374> not available
(Font)              Font shape `OT1/ptm/b/n' tried instead on input line 1090.
LaTeX Font Info:    Font shape `OT1/ptm/bx/it' in size <9.03374> not available
(Font)              Font shape `OT1/ptm/b/it' tried instead on input line 1090.

LaTeX Font Info:    Font shape `OT1/ptm/bx/n' in size <10.03749> not available
(Font)              Font shape `OT1/ptm/b/n' tried instead on input line 1090.
LaTeX Font Info:    Font shape `OT1/ptm/bx/it' in size <10.03749> not available

(Font)              Font shape `OT1/ptm/b/it' tried instead on input line 1090.

LaTeX Font Info:    Font shape `OT1/ptm/bx/n' in size <11.04124> not available
(Font)              Font shape `OT1/ptm/b/n' tried instead on input line 1090.
LaTeX Font Info:    Font shape `OT1/ptm/bx/it' in size <11.04124> not available

(Font)              Font shape `OT1/ptm/b/it' tried instead on input line 1090.

LaTeX Font Info:    Font shape `OT1/ptm/bx/n' in size <12.045> not available
(Font)              Font shape `OT1/ptm/b/n' tried instead on input line 1090.
LaTeX Font Info:    Font shape `OT1/ptm/bx/it' in size <12.045> not available
(Font)              Font shape `OT1/ptm/b/it' tried instead on input line 1090.

LaTeX Font Info:    Font shape `OT1/ptm/bx/n' in size <17.06374> not available
(Font)              Font shape `OT1/ptm/b/n' tried instead on input line 1090.
LaTeX Font Info:    Font shape `OT1/ptm/bx/it' in size <17.06374> not available

(Font)              Font shape `OT1/ptm/b/it' tried instead on input line 1090.

LaTeX Font Info:    Font shape `OT1/ptm/bx/n' in size <20.075> not available
(Font)              Font shape `OT1/ptm/b/n' tried instead on input line 1090.
LaTeX Font Info:    Font shape `OT1/ptm/bx/it' in size <20.075> not available
(Font)              Font shape `OT1/ptm/b/it' tried instead on input line 1090.

LaTeX Font Info:    Font shape `OT1/ptm/bx/n' in size <24.09> not available
(Font)              Font shape `OT1/ptm/b/n' tried instead on input line 1090.
LaTeX Font Info:    Font shape `OT1/ptm/bx/it' in size <24.09> not available
(Font)              Font shape `OT1/ptm/b/it' tried instead on input line 1090.

\IEEEquantizedlength=\dimen109
\IEEEquantizedlengthdiff=\dimen110
\IEEEquantizedtextheightdiff=\dimen111
\IEEEilabelindentA=\dimen112
\IEEEilabelindentB=\dimen113
\IEEEilabelindent=\dimen114
\IEEEelabelindent=\dimen115
\IEEEdlabelindent=\dimen116
\IEEElabelindent=\dimen117
\IEEEiednormlabelsep=\dimen118
\IEEEiedmathlabelsep=\dimen119
\IEEEiedtopsep=\skip41
\c@section=\count82
\c@subsection=\count83
\c@subsubsection=\count84
\c@paragraph=\count85
\c@IEEEsubequation=\count86
\abovecaptionskip=\skip42
\belowcaptionskip=\skip43
\c@figure=\count87
\c@table=\count88
\@IEEEeqnnumcols=\count89
\@IEEEeqncolcnt=\count90
\@IEEEsubeqnnumrollback=\count91
\@IEEEquantizeheightA=\dimen120
\@IEEEquantizeheightB=\dimen121
\@IEEEquantizeheightC=\dimen122
\@IEEEquantizeprevdepth=\dimen123
\@IEEEquantizemultiple=\count92
\@IEEEquantizeboxA=\box26
\@IEEEtmpitemindent=\dimen124
\IEEEPARstartletwidth=\dimen125
\c@IEEEbiography=\count93
\@IEEEtranrubishbin=\box27
) (/usr/share/texlive/texmf-dist/tex/latex/cite/cite.sty
LaTeX Info: Redefining \cite on input line 302.
LaTeX Info: Redefining \nocite on input line 332.
Package: cite 2015/02/27  v 5.5
)
(/usr/share/texlive/texmf-dist/tex/latex/graphics/graphicx.sty
Package: graphicx 2014/10/28 v1.0g Enhanced LaTeX Graphics (DPC,SPQR)

(/usr/share/texlive/texmf-dist/tex/latex/graphics/keyval.sty
Package: keyval 2014/10/28 v1.15 key=value parser (DPC)
\KV@toks@=\toks15
)
(/usr/share/texlive/texmf-dist/tex/latex/graphics/graphics.sty
Package: graphics 2016/01/03 v1.0q Standard LaTeX Graphics (DPC,SPQR)

(/usr/share/texlive/texmf-dist/tex/latex/graphics/trig.sty
Package: trig 2016/01/03 v1.10 sin cos tan (DPC)
)
(/usr/share/texlive/texmf-dist/tex/latex/latexconfig/graphics.cfg
File: graphics.cfg 2010/04/23 v1.9 graphics configuration of TeX Live
)
Package graphics Info: Driver file: pdftex.def on input line 95.

(/usr/share/texlive/texmf-dist/tex/latex/pdftex-def/pdftex.def
File: pdftex.def 2011/05/27 v0.06d Graphics/color for pdfTeX

(/usr/share/texlive/texmf-dist/tex/generic/oberdiek/infwarerr.sty
Package: infwarerr 2010/04/08 v1.3 Providing info/warning/error messages (HO)
)
(/usr/share/texlive/texmf-dist/tex/generic/oberdiek/ltxcmds.sty
Package: ltxcmds 2011/11/09 v1.22 LaTeX kernel commands for general use (HO)
)
\Gread@gobject=\count94
))
\Gin@req@height=\dimen126
\Gin@req@width=\dimen127
)
(./Lab1_DataPreprocessing_15BCE1077.aux)
\openout1 = `Lab1_DataPreprocessing_15BCE1077.aux'.

LaTeX Font Info:    Checking defaults for OML/cmm/m/it on input line 328.
LaTeX Font Info:    ... okay on input line 328.
LaTeX Font Info:    Checking defaults for T1/cmr/m/n on input line 328.
LaTeX Font Info:    ... okay on input line 328.
LaTeX Font Info:    Checking defaults for OT1/cmr/m/n on input line 328.
LaTeX Font Info:    ... okay on input line 328.
LaTeX Font Info:    Checking defaults for OMS/cmsy/m/n on input line 328.
LaTeX Font Info:    ... okay on input line 328.
LaTeX Font Info:    Checking defaults for OMX/cmex/m/n on input line 328.
LaTeX Font Info:    ... okay on input line 328.
LaTeX Font Info:    Checking defaults for U/cmr/m/n on input line 328.
LaTeX Font Info:    ... okay on input line 328.

-- Lines per column: 58 (exact).
(/usr/share/texlive/texmf-dist/tex/context/base/supp-pdf.mkii
[Loading MPS to PDF converter (version 2006.09.02).]
\scratchcounter=\count95
\scratchdimen=\dimen128
\scratchbox=\box28
\nofMPsegments=\count96
\nofMParguments=\count97
\everyMPshowfont=\toks16
\MPscratchCnt=\count98
\MPscratchDim=\dimen129
\MPnumerator=\count99
\makeMPintoPDFobject=\count100
\everyMPtoPDFconversion=\toks17
) (/usr/share/texlive/texmf-dist/tex/generic/oberdiek/pdftexcmds.sty
Package: pdftexcmds 2011/11/29 v0.20 Utility functions of pdfTeX for LuaTeX (HO
)

(/usr/share/texlive/texmf-dist/tex/generic/oberdiek/ifluatex.sty
Package: ifluatex 2010/03/01 v1.3 Provides the ifluatex switch (HO)
Package ifluatex Info: LuaTeX not detected.
)
(/usr/share/texlive/texmf-dist/tex/generic/oberdiek/ifpdf.sty
Package: ifpdf 2011/01/30 v2.3 Provides the ifpdf switch (HO)
Package ifpdf Info: pdfTeX in PDF mode is detected.
)
Package pdftexcmds Info: LuaTeX not detected.
Package pdftexcmds Info: \pdf@primitive is available.
Package pdftexcmds Info: \pdf@ifprimitive is available.
Package pdftexcmds Info: \pdfdraftmode found.
)
(/usr/share/texlive/texmf-dist/tex/latex/oberdiek/epstopdf-base.sty
Package: epstopdf-base 2010/02/09 v2.5 Base part for package epstopdf

(/usr/share/texlive/texmf-dist/tex/latex/oberdiek/grfext.sty
Package: grfext 2010/08/19 v1.1 Manage graphics extensions (HO)

(/usr/share/texlive/texmf-dist/tex/generic/oberdiek/kvdefinekeys.sty
Package: kvdefinekeys 2011/04/07 v1.3 Define keys (HO)
))
(/usr/share/texlive/texmf-dist/tex/latex/oberdiek/kvoptions.sty
Package: kvoptions 2011/06/30 v3.11 Key value format for package options (HO)

(/usr/share/texlive/texmf-dist/tex/generic/oberdiek/kvsetkeys.sty
Package: kvsetkeys 2012/04/25 v1.16 Key value parser (HO)

(/usr/share/texlive/texmf-dist/tex/generic/oberdiek/etexcmds.sty
Package: etexcmds 2011/02/16 v1.5 Avoid name clashes with e-TeX commands (HO)
Package etexcmds Info: Could not find \expanded.
(etexcmds)             That can mean that you are not using pdfTeX 1.50 or
(etexcmds)             that some package has redefined \expanded.
(etexcmds)             In the latter case, load this package earlier.
)))
Package grfext Info: Graphics extension search list:
(grfext)             [.png,.pdf,.jpg,.mps,.jpeg,.jbig2,.jb2,.PNG,.PDF,.JPG,.JPE
G,.JBIG2,.JB2,.eps]
(grfext)             \AppendGraphicsExtensions on input line 452.

(/usr/share/texlive/texmf-dist/tex/latex/latexconfig/epstopdf-sys.cfg
File: epstopdf-sys.cfg 2010/07/13 v1.3 Configuration of (r)epstopdf for TeX Liv
e
))
LaTeX Font Info:    Try loading font information for OT1+phv on input line 363.


(/usr/share/texlive/texmf-dist/tex/latex/psnfss/ot1phv.fd
File: ot1phv.fd 2001/06/04 scalable font definitions for OT1/phv.
)
LaTeX Font Info:    Font shape `OT1/ptm/bx/n' in size <14.05249> not available
(Font)              Font shape `OT1/ptm/b/n' tried instead on input line 363.
LaTeX Font Info:    Calculating math sizes for size <11.04124> on input line 36
3.
LaTeX Font Info:    External font `cmex10' loaded for size
(Font)              <11.04124> on input line 363.
LaTeX Font Info:    External font `cmex10' loaded for size
(Font)              <7.72884> on input line 363.
LaTeX Font Info:    External font `cmex10' loaded for size
(Font)              <5.52061> on input line 363.
LaTeX Font Info:    Calculating math sizes for size <8.03> on input line 363.
LaTeX Font Info:    External font `cmex10' loaded for size
(Font)              <8.03> on input line 363.
LaTeX Font Info:    External font `cmex10' loaded for size
(Font)              <5.62097> on input line 363.
LaTeX Font Info:    External font `cmex10' loaded for size
(Font)              <4.015> on input line 363.
LaTeX Font Info:    Calculating math sizes for size <10.03749> on input line 36
3.
LaTeX Font Info:    External font `cmex10' loaded for size
(Font)              <10.03749> on input line 363.
LaTeX Font Info:    External font `cmex10' loaded for size
(Font)              <7.0262> on input line 363.
LaTeX Font Info:    External font `cmex10' loaded for size
(Font)              <5.01874> on input line 363.

Underfull \hbox (badness 2119) in paragraph at lines 367--369
\OT1/ptm/b/it/9.03374 Abstract\OT1/ptm/b/n/9.03374 ---Aspiring Minds' Em-ploy-a
-bil-ity Out-comes 2015
 []


Underfull \hbox (badness 10000) in paragraph at lines 409--441
[]\OT1/ptm/m/n/10.03749 features = ['Gen-der', 'DOB',
 []


Underfull \hbox (badness 10000) in paragraph at lines 409--441
\OT1/ptm/m/n/10.03749 '12per-cent-age', '12board', 'Col-legeID',
 []


Underfull \hbox (badness 2662) in paragraph at lines 409--441
\OT1/ptm/m/n/10.03749 'Col-legeTier', 'De-gree', 'Spe-cial-iza-tion',
 []


Underfull \hbox (badness 10000) in paragraph at lines 409--441
\OT1/ptm/m/n/10.03749 'Col-legeGPA', 'Col-legeCityID',
 []


Underfull \hbox (badness 10000) in paragraph at lines 409--441
\OT1/ptm/m/n/10.03749 'Col-legeCityTier', 'Col-legeS-tate',
 []


Underfull \hbox (badness 10000) in paragraph at lines 409--441
\OT1/ptm/m/n/10.03749 'Grad-u-a-tionYear', 'En-glish', 'Log-i-cal',
 []


Underfull \hbox (badness 10000) in paragraph at lines 409--441
\OT1/ptm/m/n/10.03749 'Quant', 'Do-main', 'Com-put-er-Pro-
 []


Underfull \hbox (badness 10000) in paragraph at lines 409--441
\OT1/ptm/m/n/10.03749 gram-ming', 'Elec-tron-ic-sAnd-Semi-con',
 []


Underfull \hbox (badness 10000) in paragraph at lines 409--441
\OT1/ptm/m/n/10.03749 'Com-put-er-Science', 'Me-chan-i-calEngg',
 []


Underfull \hbox (badness 10000) in paragraph at lines 409--441
\OT1/ptm/m/n/10.03749 'Elec-tri-calEngg', 'Tele-comEngg',
 []


Underfull \hbox (badness 10000) in paragraph at lines 409--441
\OT1/ptm/m/n/10.03749 'CivilEngg', 'con-sci-en-tious-ness',
 []


Underfull \hbox (badness 10000) in paragraph at lines 409--441
\OT1/ptm/m/n/10.03749 'agree-able-ness', 'ex-traver-sion',
 []


Underfull \hbox (badness 10000) in paragraph at lines 445--452
[]\OT1/ptm/m/n/10.03749 drop[]features = ['DOB', '10board',
 []


Underfull \hbox (badness 10000) in paragraph at lines 445--452
\OT1/ptm/m/n/10.03749 '12grad-u-a-tion', '12board', 'Col-legeID',
 []


Underfull \hbox (badness 4391) in paragraph at lines 467--469
[]\OT1/ptm/m/n/10.03749 For ev-ery en-gi-neer, AMEO [1] dataset pro-vides
 []

[1{/var/lib/texmf/fonts/map/pdftex/updmap/pdftex.map}


]
<../figures/10thPercentage_Distribution.png, id=11, 878.28125pt x 351.3125pt>
File: ../figures/10thPercentage_Distribution.png Graphic file (type png)

<use ../figures/10thPercentage_Distribution.png>
Package pdftex.def Info: ../figures/10thPercentage_Distribution.png used on inp
ut line 489.
(pdftex.def)             Requested size: 252.93944pt x 130.09079pt.

Overfull \hbox (9.02818pt too wide) in paragraph at lines 489--493
 [][] 
 []

<../figures/12thPercentage_Distribution.png, id=13, 878.28125pt x 345.29pt>
File: ../figures/12thPercentage_Distribution.png Graphic file (type png)

<use ../figures/12thPercentage_Distribution.png>
Package pdftex.def Info: ../figures/12thPercentage_Distribution.png used on inp
ut line 499.
(pdftex.def)             Requested size: 252.93944pt x 130.08405pt.

Overfull \hbox (9.02818pt too wide) in paragraph at lines 499--503
 [][] 
 []

<../figures/CollegeGrades_Distribution.png, id=14, 878.28125pt x 351.3125pt>
File: ../figures/CollegeGrades_Distribution.png Graphic file (type png)

<use ../figures/CollegeGrades_Distribution.png>
Package pdftex.def Info: ../figures/CollegeGrades_Distribution.png used on inpu
t line 509.
(pdftex.def)             Requested size: 252.93944pt x 130.09079pt.

Overfull \hbox (9.02818pt too wide) in paragraph at lines 509--513
 [][] 
 []

<../figures/Salary_Distribution.png, id=15, 883.3pt x 629.35126pt>
File: ../figures/Salary_Distribution.png Graphic file (type png)

<use ../figures/Salary_Distribution.png>
Package pdftex.def Info: ../figures/Salary_Distribution.png used on input line 
519.
(pdftex.def)             Requested size: 252.94266pt x 130.08379pt.

Overfull \hbox (9.0314pt too wide) in paragraph at lines 519--523
 [][] 
 []

<../figures/Location_vs_Salary.png, id=16, 1194.4625pt x 652.4375pt>
File: ../figures/Location_vs_Salary.png Graphic file (type png)

<use ../figures/Location_vs_Salary.png>
Package pdftex.def Info: ../figures/Location_vs_Salary.png used on input line 5
29.
(pdftex.def)             Requested size: 252.94052pt x 130.08696pt.

Overfull \hbox (9.02927pt too wide) in paragraph at lines 529--533
 [][] 
 []

<../figures/GraduationYear_vs_Salary.png, id=17, 1194.4625pt x 603.25375pt>
File: ../figures/GraduationYear_vs_Salary.png Graphic file (type png)

<use ../figures/GraduationYear_vs_Salary.png>
Package pdftex.def Info: ../figures/GraduationYear_vs_Salary.png used on input 
line 539.
(pdftex.def)             Requested size: 252.94052pt x 130.08363pt.

Overfull \hbox (9.02927pt too wide) in paragraph at lines 539--543
 [][] 
 []

<../figures/Degree_vs_Salary.png, id=18, 1194.4625pt x 630.355pt>
File: ../figures/Degree_vs_Salary.png Graphic file (type png)

<use ../figures/Degree_vs_Salary.png>
Package pdftex.def Info: ../figures/Degree_vs_Salary.png used on input line 549
.
(pdftex.def)             Requested size: 252.94052pt x 130.07965pt.

Overfull \hbox (9.02927pt too wide) in paragraph at lines 549--553
 [][] 
 []

[2 <../figures/10thPercentage_Distribution.png> <../figures/12thPercentage_Dist
ribution.png> <../figures/CollegeGrades_Distribution.png> <../figures/Salary_Di
stribution.png> <../figures/Location_vs_Salary.png>]
(./Lab1_DataPreprocessing_15BCE1077.bbl
Missing character: There is no â in font ptmr7t!
Missing character: There is no € in font ptmr7t!
Missing character: There is no “ in font ptmr7t!
)

** Conference Paper **
Before submitting the final camera ready copy, remember to:

 1. Manually equalize the lengths of two columns on the last page
 of your paper;

 2. Ensure that any PostScript and/or PDF output post-processing
 uses only Type 1 fonts and that every step in the generation
 process uses the appropriate paper size.

[3

 <../figures/GraduationYear_vs_Salary.png> <../figures/Degree_vs_Salary.png>] (
./Lab1_DataPreprocessing_15BCE1077.aux)

LaTeX Warning: Label(s) may have changed. Rerun to get cross-references right.

 ) 
Here is how much of TeX's memory you used:
 2553 strings out of 494953
 42895 string characters out of 6180977
 101289 words of memory out of 5000000
 5819 multiletter control sequences out of 15000+600000
 40059 words of font info for 77 fonts, out of 8000000 for 9000
 17 hyphenation exceptions out of 8191
 37i,11n,27p,961b,334s stack positions out of 5000i,500n,10000p,200000b,80000s
{/usr/share/texlive/texmf-dist/fonts/enc/dvips/base/8r.enc}</usr/share/texliv
e/texmf-dist/fonts/type1/public/amsfonts/cm/cmsy8.pfb></usr/share/texlive/texmf
-dist/fonts/type1/urw/times/utmb8a.pfb></usr/share/texlive/texmf-dist/fonts/typ
e1/urw/times/utmbi8a.pfb></usr/share/texlive/texmf-dist/fonts/type1/urw/times/u
tmr8a.pfb></usr/share/texlive/texmf-dist/fonts/type1/urw/times/utmri8a.pfb>
Output written on Lab1_DataPreprocessing_15BCE1077.pdf (3 pages, 283482 bytes).

PDF statistics:
 50 PDF objects out of 1000 (max. 8388607)
 25 compressed objects within 1 object stream
 0 named destinations out of 1000 (max. 500000)
 36 words of extra memory for PDF output out of 10000 (max. 10000000)

